
> @ocasoftware/docs@1.0.0 build
> build-storybook

sh: 1: build-storybook: not found
npm ERR! Lifecycle script `build` failed with error: 
npm ERR! Error: command failed 
npm ERR!   in workspace: @ocasoftware/docs@1.0.0 
npm ERR!   at location: /home/brunomeireles/Documents/GitHub/Desafio-Rockeseat-Design-System/packages/docs 
